build/app/outputs/mapping/r8/release/mapping.txt
# compiler: R8
# compiler_version: 1.2.49
# min_api: 16
br.com.ciolfi.gerente_loja.MainActivity -> br.com.ciolfi.gerente_loja.MainActivity:
...
androidx.core.view.accessibility.AccessibilityViewCommand$MoveWindowArguments -> b.d.g.a.e$d:
androidx.core.view.accessibility.AccessibilityViewCommand$ScrollToPositionArguments -> b.d.g.a.e$e:
androidx.core.view.accessibility.AccessibilityViewCommand$SetProgressArguments -> b.d.g.a.e$f:
androidx.core.view.accessibility.AccessibilityViewCommand$SetSelectionArguments -> b.d.g.a.e$g:
androidx.core.view.accessibility.AccessibilityViewCommand$SetTextArguments -> b.d.g.a.e$h:
androidx.core.widget.AutoScrollHelper -> androidx.core.widget.a:
    android.view.View mTarget -> d
    android.view.animation.Interpolator mEdgeInterpolator -> c
    androidx.core.widget.AutoScrollHelper$ClampedScroller mScroller -> b
    boolean mAlreadyDelayed -> m
    boolean mAnimating -> p
    boolean mEnabled -> q
    boolean mExclusive -> r
    boolean mNeedsCancel -> o
    boolean mNeedsReset -> n
    float[] mMaximumEdges -> g
    float[] mMaximumVelocity -> l
    float[] mMinimumVelocity -> k
    float[] mRelativeEdges -> f
    float[] mRelativeVelocity -> j
    int mActivationDelay -> i
    int mEdgeType -> h
    java.lang.Runnable mRunnable -> e
    int DEFAULT_ACTIVATION_DELAY -> a
    float computeTargetVelocity(int,float,float,float) -> a
    float constrain(float,float,float) -> a
    float constrainEdgeValue(float,float) -> f
    float getEdgeValue(float,float,float,float) -> a
    int constrain(int,int,int) -> a
    void requestStop() -> d
    void startAnimating() -> c
    androidx.core.widget.AutoScrollHelper setActivationDelay(int) -> b
    androidx.core.widget.AutoScrollHelper setEdgeType(int) -> a
    androidx.core.widget.AutoScrollHelper setEnabled(boolean) -> a
    androidx.core.widget.AutoScrollHelper setMaximumEdges(float,float) -> e
    androidx.core.widget.AutoScrollHelper setMaximumVelocity(float,float) -> a
    androidx.core.widget.AutoScrollHelper setMinimumVelocity(float,float) -> b
androidx.core.widget.AutoScrollHelper$ClampedScroller -> androidx.core.widget.a$a:
    float mStopValue -> j
    float mTargetVelocityX -> c
    float mTargetVelocityY -> d
    int mDeltaX -> g
    int mDeltaY -> h
    int mEffectiveRampDown -> k
    int mRampDownDuration -> b
    int mRampUpDuration -> a
    long mDeltaTime -> f
    long mStartTime -> e
    long mStopTime -> i
    float getValueAt(long) -> a
    float interpolateValue(float) -> a
    boolean isFinished() -> c
    int getDeltaX() -> g
    int getDeltaY() -> h
    int getHorizontalDirection() -> e
    int getVerticalDirection() -> f
    void computeScrollDelta() -> d
    void requestStop() -> b
    void setRampDownDuration(int) -> b
    void setRampUpDuration(int) -> a
    void setTargetVelocity(float,float) -> a
    void start() -> a
androidx.core.widget.AutoScrollHelper$ScrollAnimationRunnable -> androidx.core.widget.a$b:
    androidx.core.widget.AutoScrollHelper this$0 -> a
androidx.core.widget.AutoSizeableTextView -> androidx.core.widget.b:
    boolean PLATFORM_SUPPORTS_AUTOSIZE -> a
androidx.core.widget.CompoundButtonCompat -> androidx.core.widget.c:
    boolean sButtonDrawableFieldFetched -> b
    java.lang.reflect.Field sButtonDrawableField -> a
    android.graphics.drawable.Drawable getButtonDrawable(android.widget.CompoundButton) -> a
    void setButtonTintList(android.widget.CompoundButton,android.content.res.ColorStateList) -> a
    void setButtonTintMode(android.widget.CompoundButton,android.graphics.PorterDuff$Mode) -> a
androidx.core.widget.EdgeEffectCompat -> androidx.core.widget.d:
    void onPull(android.widget.EdgeEffect,float,float) -> a
androidx.core.widget.ImageViewCompat -> androidx.core.widget.e:
    android.content.res.ColorStateList getImageTintList(android.widget.ImageView) -> a
    android.graphics.PorterDuff$Mode getImageTintMode(android.widget.ImageView) -> b
    void setImageTintList(android.widget.ImageView,android.content.res.ColorStateList) -> a
    void setImageTintMode(android.widget.ImageView,android.graphics.PorterDuff$Mode) -> a